<?xml version="1.0" encoding="UTF-8" ?>
<testsuite tests="42" failures="0" name="com.sg.superherosightings.dao.SuperHeroDaoTest" time="13.848" errors="0" skipped="0">
  <properties>
    <property name="java.runtime.name" value="Java(TM) SE Runtime Environment"/>
    <property name="sun.boot.library.path" value="/usr/lib/jvm/java-8-oracle/jre/lib/amd64"/>
    <property name="java.vm.version" value="25.131-b11"/>
    <property name="java.vm.vendor" value="Oracle Corporation"/>
    <property name="maven.multiModuleProjectDirectory" value="/home/apprentice/Documents/Bitbucket/jen-sauer-individual-work/SuperHeroSightings"/>
    <property name="java.vendor.url" value="http://java.oracle.com/"/>
    <property name="path.separator" value=":"/>
    <property name="guice.disable.misplaced.annotation.check" value="true"/>
    <property name="java.vm.name" value="Java HotSpot(TM) 64-Bit Server VM"/>
    <property name="file.encoding.pkg" value="sun.io"/>
    <property name="user.country" value="US"/>
    <property name="sun.java.launcher" value="SUN_STANDARD"/>
    <property name="sun.os.patch.level" value="unknown"/>
    <property name="java.vm.specification.name" value="Java Virtual Machine Specification"/>
    <property name="user.dir" value="/home/apprentice/Documents/Bitbucket/jen-sauer-individual-work/SuperHeroSightings"/>
    <property name="java.runtime.version" value="1.8.0_131-b11"/>
    <property name="java.awt.graphicsenv" value="sun.awt.X11GraphicsEnvironment"/>
    <property name="java.endorsed.dirs" value="/usr/lib/jvm/java-8-oracle/jre/lib/endorsed"/>
    <property name="os.arch" value="amd64"/>
    <property name="java.io.tmpdir" value="/tmp"/>
    <property name="line.separator" value="
"/>
    <property name="java.vm.specification.vendor" value="Oracle Corporation"/>
    <property name="os.name" value="Linux"/>
    <property name="maven.ext.class.path" value="/home/apprentice/netbeans-8.2/java/maven-nblib/netbeans-eventspy.jar"/>
    <property name="classworlds.conf" value="/home/apprentice/apache-maven-3.5.0/bin/m2.conf"/>
    <property name="sun.jnu.encoding" value="UTF-8"/>
    <property name="java.library.path" value="/usr/lib/jvm/java-8-oracle/jre/lib/amd64:/usr/lib/jvm/java-8-oracle/jre/lib/i386::/usr/java/packages/lib/amd64:/usr/lib64:/lib64:/lib:/usr/lib"/>
    <property name="maven.conf" value="/home/apprentice/apache-maven-3.5.0/conf"/>
    <property name="java.specification.name" value="Java Platform API Specification"/>
    <property name="java.class.version" value="52.0"/>
    <property name="sun.management.compiler" value="HotSpot 64-Bit Tiered Compilers"/>
    <property name="os.version" value="4.4.0-83-generic"/>
    <property name="library.jansi.path" value="/home/apprentice/apache-maven-3.5.0/lib/jansi-native/linux64"/>
    <property name="user.home" value="/home/apprentice"/>
    <property name="user.timezone" value="America/New_York"/>
    <property name="java.awt.printerjob" value="sun.print.PSPrinterJob"/>
    <property name="java.specification.version" value="1.8"/>
    <property name="file.encoding" value="UTF-8"/>
    <property name="user.name" value="apprentice"/>
    <property name="java.class.path" value="/home/apprentice/apache-maven-3.5.0/boot/plexus-classworlds-2.5.2.jar"/>
    <property name="java.vm.specification.version" value="1.8"/>
    <property name="sun.arch.data.model" value="64"/>
    <property name="java.home" value="/usr/lib/jvm/java-8-oracle/jre"/>
    <property name="sun.java.command" value="org.codehaus.plexus.classworlds.launcher.Launcher -Dmaven.ext.class.path=/home/apprentice/netbeans-8.2/java/maven-nblib/netbeans-eventspy.jar clean install"/>
    <property name="java.specification.vendor" value="Oracle Corporation"/>
    <property name="user.language" value="en"/>
    <property name="awt.toolkit" value="sun.awt.X11.XToolkit"/>
    <property name="java.vm.info" value="mixed mode"/>
    <property name="java.version" value="1.8.0_131"/>
    <property name="java.ext.dirs" value="/usr/lib/jvm/java-8-oracle/jre/lib/ext:/usr/java/packages/lib/ext"/>
    <property name="securerandom.source" value="file:/dev/./urandom"/>
    <property name="sun.boot.class.path" value="/usr/lib/jvm/java-8-oracle/jre/lib/resources.jar:/usr/lib/jvm/java-8-oracle/jre/lib/rt.jar:/usr/lib/jvm/java-8-oracle/jre/lib/sunrsasign.jar:/usr/lib/jvm/java-8-oracle/jre/lib/jsse.jar:/usr/lib/jvm/java-8-oracle/jre/lib/jce.jar:/usr/lib/jvm/java-8-oracle/jre/lib/charsets.jar:/usr/lib/jvm/java-8-oracle/jre/lib/jfr.jar:/usr/lib/jvm/java-8-oracle/jre/classes"/>
    <property name="java.vendor" value="Oracle Corporation"/>
    <property name="maven.home" value="/home/apprentice/apache-maven-3.5.0"/>
    <property name="file.separator" value="/"/>
    <property name="java.vendor.url.bug" value="http://bugreport.sun.com/bugreport/"/>
    <property name="sun.cpu.endian" value="little"/>
    <property name="sun.io.unicode.encoding" value="UnicodeLittle"/>
    <property name="sun.desktop" value="gnome"/>
    <property name="sun.cpu.isalist" value=""/>
  </properties>
  <testcase classname="com.sg.superherosightings.dao.SuperHeroDaoTest" name="addGetSuperPower" time="2.126"/>
  <testcase classname="com.sg.superherosightings.dao.SuperHeroDaoTest" name="updateOrg" time="0.46"/>
  <testcase classname="com.sg.superherosightings.dao.SuperHeroDaoTest" name="addGetLocationNullCoord" time="0.43"/>
  <testcase classname="com.sg.superherosightings.dao.SuperHeroDaoTest" name="deleteSighting" time="0.47"/>
  <testcase classname="com.sg.superherosightings.dao.SuperHeroDaoTest" name="SuperHeroSightingBridgeCheckOnSHDel" time="0.414"/>
  <testcase classname="com.sg.superherosightings.dao.SuperHeroDaoTest" name="SuperHeroSightingBridgeCheckOnSiDel" time="0.336"/>
  <testcase classname="com.sg.superherosightings.dao.SuperHeroDaoTest" name="updateLocation" time="0.309"/>
  <testcase classname="com.sg.superherosightings.dao.SuperHeroDaoTest" name="getAllLocBySuperHero" time="0.294"/>
  <testcase classname="com.sg.superherosightings.dao.SuperHeroDaoTest" name="addGetSightings" time="0.424"/>
  <testcase classname="com.sg.superherosightings.dao.SuperHeroDaoTest" name="deleteCoord" time="0.345"/>
  <testcase classname="com.sg.superherosightings.dao.SuperHeroDaoTest" name="updateLocationNullCoord" time="0.346"/>
  <testcase classname="com.sg.superherosightings.dao.SuperHeroDaoTest" name="deleteMemberShipBridgeCheckOnSHDelete" time="0.346"/>
  <testcase classname="com.sg.superherosightings.dao.SuperHeroDaoTest" name="getAllSightings" time="0.407"/>
  <testcase classname="com.sg.superherosightings.dao.SuperHeroDaoTest" name="updateCoord" time="0.287"/>
  <testcase classname="com.sg.superherosightings.dao.SuperHeroDaoTest" name="deleteOrg" time="0.291"/>
  <testcase classname="com.sg.superherosightings.dao.SuperHeroDaoTest" name="addGetOrgsNOMemb" time="0.399"/>
  <testcase classname="com.sg.superherosightings.dao.SuperHeroDaoTest" name="deleteLocation" time="0.24"/>
  <testcase classname="com.sg.superherosightings.dao.SuperHeroDaoTest" name="getAllSuperHerosByLoc" time="0.299"/>
  <testcase classname="com.sg.superherosightings.dao.SuperHeroDaoTest" name="getAllSuperHerosByOrg" time="0.271"/>
  <testcase classname="com.sg.superherosightings.dao.SuperHeroDaoTest" name="addGetOrgsNullLoc" time="0.249"/>
  <testcase classname="com.sg.superherosightings.dao.SuperHeroDaoTest" name="getAllSightingsByDate" time="0.23"/>
  <testcase classname="com.sg.superherosightings.dao.SuperHeroDaoTest" name="addGetLocation" time="0.355"/>
  <testcase classname="com.sg.superherosightings.dao.SuperHeroDaoTest" name="deleteMemberShipBridgeCheckOnOrgDel" time="0.165"/>
  <testcase classname="com.sg.superherosightings.dao.SuperHeroDaoTest" name="deleteSuperHero" time="0.269"/>
  <testcase classname="com.sg.superherosightings.dao.SuperHeroDaoTest" name="deleteLocationREF" time="0.232"/>
  <testcase classname="com.sg.superherosightings.dao.SuperHeroDaoTest" name="updateSuperHero" time="0.221"/>
  <testcase classname="com.sg.superherosightings.dao.SuperHeroDaoTest" name="addGetCoord" time="0.226"/>
  <testcase classname="com.sg.superherosightings.dao.SuperHeroDaoTest" name="deleteSuperPower" time="0.134"/>
  <testcase classname="com.sg.superherosightings.dao.SuperHeroDaoTest" name="addGetAllSuperPower" time="0.249"/>
  <testcase classname="com.sg.superherosightings.dao.SuperHeroDaoTest" name="updateSighting" time="0.269"/>
  <testcase classname="com.sg.superherosightings.dao.SuperHeroDaoTest" name="deleteCoordREF2" time="0.225"/>
  <testcase classname="com.sg.superherosightings.dao.SuperHeroDaoTest" name="updateSuperPower" time="0.351"/>
  <testcase classname="com.sg.superherosightings.dao.SuperHeroDaoTest" name="deleteSuperPowerREF" time="0.299"/>
  <testcase classname="com.sg.superherosightings.dao.SuperHeroDaoTest" name="getAllLocations" time="0.14"/>
  <testcase classname="com.sg.superherosightings.dao.SuperHeroDaoTest" name="updateOrgNullLoc" time="0.326"/>
  <testcase classname="com.sg.superherosightings.dao.SuperHeroDaoTest" name="deleteCoordREF" time="0.2"/>
  <testcase classname="com.sg.superherosightings.dao.SuperHeroDaoTest" name="addGetSuperHero" time="0.241"/>
  <testcase classname="com.sg.superherosightings.dao.SuperHeroDaoTest" name="updateSightingNullLoc" time="0.214"/>
  <testcase classname="com.sg.superherosightings.dao.SuperHeroDaoTest" name="addGetOrgs" time="0.236"/>
  <testcase classname="com.sg.superherosightings.dao.SuperHeroDaoTest" name="addGetAllSuperHero" time="0.189"/>
  <testcase classname="com.sg.superherosightings.dao.SuperHeroDaoTest" name="updateSuperHeroPowers" time="0.137"/>
  <testcase classname="com.sg.superherosightings.dao.SuperHeroDaoTest" name="getAllCoordss" time="0.197"/>
</testsuite>